[debug] [2020-12-28T23:10:45.983Z] ----------------------------------------------------------------------
[debug] [2020-12-28T23:10:45.985Z] Command:       /usr/local/Cellar/node/15.2.0/bin/node /usr/local/bin/firebase deploy
[debug] [2020-12-28T23:10:45.986Z] CLI Version:   9.1.0
[debug] [2020-12-28T23:10:45.986Z] Platform:      darwin
[debug] [2020-12-28T23:10:45.986Z] Node Version:  v15.2.0
[debug] [2020-12-28T23:10:45.987Z] Time:          Mon Dec 28 2020 17:10:45 GMT-0600 (Central Standard Time)
[debug] [2020-12-28T23:10:45.988Z] ----------------------------------------------------------------------
[debug] [2020-12-28T23:10:45.988Z] 
[debug] [2020-12-28T23:10:45.996Z] > command requires scopes: ["email","openid","https://www.googleapis.com/auth/cloudplatformprojects.readonly","https://www.googleapis.com/auth/firebase","https://www.googleapis.com/auth/cloud-platform"]
[debug] [2020-12-28T23:10:45.997Z] > authorizing via signed-in user
[debug] [2020-12-28T23:10:45.997Z] [iam] checking project visteme-front-end for permissions ["firebase.projects.get","firebasehosting.sites.update"]
[debug] [2020-12-28T23:10:46.000Z] >>> HTTP REQUEST POST https://cloudresourcemanager.googleapis.com/v1/projects/visteme-front-end:testIamPermissions  
 {"permissions":["firebase.projects.get","firebasehosting.sites.update"]}
[debug] [2020-12-28T23:10:46.682Z] <<< HTTP RESPONSE 200 {"content-type":"application/json; charset=UTF-8","vary":"X-Origin, Referer, Origin,Accept-Encoding","date":"Mon, 28 Dec 2020 23:10:46 GMT","server":"ESF","cache-control":"private","x-xss-protection":"0","x-frame-options":"SAMEORIGIN","x-content-type-options":"nosniff","server-timing":"gfet4t7; dur=41","alt-svc":"h3-29=\":443\"; ma=2592000,h3-T051=\":443\"; ma=2592000,h3-Q050=\":443\"; ma=2592000,h3-Q046=\":443\"; ma=2592000,h3-Q043=\":443\"; ma=2592000,quic=\":443\"; ma=2592000; v=\"46,43\"","accept-ranges":"none","transfer-encoding":"chunked"}
[debug] [2020-12-28T23:10:46.684Z] >>> HTTP REQUEST GET https://firebase.googleapis.com/v1beta1/projects/visteme-front-end  
 
[debug] [2020-12-28T23:10:47.939Z] <<< HTTP RESPONSE 200 {"content-type":"application/json; charset=UTF-8","vary":"X-Origin, Referer, Origin,Accept-Encoding","date":"Mon, 28 Dec 2020 23:10:47 GMT","server":"ESF","cache-control":"private","x-xss-protection":"0","x-frame-options":"SAMEORIGIN","x-content-type-options":"nosniff","alt-svc":"h3-29=\":443\"; ma=2592000,h3-T051=\":443\"; ma=2592000,h3-Q050=\":443\"; ma=2592000,h3-Q046=\":443\"; ma=2592000,h3-Q043=\":443\"; ma=2592000,quic=\":443\"; ma=2592000; v=\"46,43\"","accept-ranges":"none","transfer-encoding":"chunked"}
[info] 
[info] === Deploying to 'visteme-front-end'...
[info] 
[info] i  deploying hosting 
[debug] [2020-12-28T23:10:47.943Z] >>> HTTP REQUEST POST https://firebasehosting.googleapis.com/v1beta1/sites/visteme-front-end/versions  
 {"config":{"rewrites":[{"glob":"**","path":"/index.html"}]},"labels":{"deployment-tool":"cli-firebase"}}
[debug] [2020-12-28T23:10:49.795Z] <<< HTTP RESPONSE 200 {"content-type":"application/json; charset=UTF-8","vary":"X-Origin, Referer, Origin,Accept-Encoding","date":"Mon, 28 Dec 2020 23:10:49 GMT","server":"ESF","cache-control":"private","x-xss-protection":"0","x-frame-options":"SAMEORIGIN","x-content-type-options":"nosniff","alt-svc":"h3-29=\":443\"; ma=2592000,h3-T051=\":443\"; ma=2592000,h3-Q050=\":443\"; ma=2592000,h3-Q046=\":443\"; ma=2592000,h3-Q043=\":443\"; ma=2592000,quic=\":443\"; ma=2592000; v=\"46,43\"","accept-ranges":"none","transfer-encoding":"chunked"}
[info] i  hosting[visteme-front-end]: beginning deploy... 
[info] i  hosting[visteme-front-end]: found 17 files in build 
[debug] [2020-12-28T23:10:49.807Z] [hosting] hash cache [YnVpbGQ] not populated
[debug] [2020-12-28T23:10:50.294Z] > refreshing access token with scopes: []
[debug] [2020-12-28T23:10:50.295Z] >>> HTTP REQUEST POST https://www.googleapis.com/oauth2/v3/token  
 <request body omitted>
[debug] [2020-12-28T23:10:50.299Z] [hosting] hash cache [YnVpbGQ] stored for 17 files
[debug] [2020-12-28T23:10:50.300Z] [hosting][hash queue][FINAL] {"max":481,"min":15,"avg":83,"active":0,"complete":17,"success":17,"errored":0,"retried":0,"total":17,"elapsed":492}
[debug] [2020-12-28T23:10:51.331Z] <<< HTTP RESPONSE 200 {"expires":"Mon, 01 Jan 1990 00:00:00 GMT","pragma":"no-cache","cache-control":"no-cache, no-store, max-age=0, must-revalidate","date":"Mon, 28 Dec 2020 23:10:51 GMT","content-type":"application/json; charset=utf-8","vary":"X-Origin, Referer, Origin,Accept-Encoding","server":"scaffolding on HTTPServer2","x-xss-protection":"0","x-frame-options":"SAMEORIGIN","x-content-type-options":"nosniff","alt-svc":"h3-29=\":443\"; ma=2592000,h3-T051=\":443\"; ma=2592000,h3-Q050=\":443\"; ma=2592000,h3-Q046=\":443\"; ma=2592000,h3-Q043=\":443\"; ma=2592000,quic=\":443\"; ma=2592000; v=\"46,43\"","accept-ranges":"none","transfer-encoding":"chunked"}
[debug] [2020-12-28T23:10:51.362Z] >>> [apiv2][query] POST https://firebasehosting.googleapis.com/v1beta1/sites/visteme-front-end/versions/1d7a1730812603a1:populateFiles [none]
[debug] [2020-12-28T23:10:51.362Z] >>> [apiv2][body] POST https://firebasehosting.googleapis.com/v1beta1/sites/visteme-front-end/versions/1d7a1730812603a1:populateFiles {"files":{"/asset-manifest.json":"4b5c6db648ccdb5880a82dc89a5722f0bd380dcdd7945049270d44323b43dd71","/favicon.ico":"b72f7455f00e4e58792d2bca892abb068e2213838c0316d6b7a0d6d16acd1955","/logo192.png":"caff018b7f1e8fd481eb1c50d75b0ef236bcd5078b1d15c8bb348453fee30293","/404.html":"05cbc6f94d7a69ce2e29646eab13be2c884e61ba93e3094df5028866876d18b3","/index.html":"669e5a5c401870ede5b904796023a7bbfe0fe93db273666acbd16af4708cb340","/robots.txt":"391d14b3c2f8c9143a27a28c7399585142228d4d1bdbe2c87ac946de411fa9a2","/static/js/2.7d2f7792.chunk.js.LICENSE.txt":"10c6f21b02a3e5df21b9e300b25eded1e0353200e84518db8b2a9e7a3f6fcfe0","/logo512.png":"191fc21360b4ccfb1cda11a1efb97f489ed22672ca83f4064316802bbfdd750e","/static/js/main.346f1510.chunk.js.map":"5f2a93870ddace802ce9fee6ec43025a64990cccf77095a4148620d97cd2869c","/static/js/main.346f1510.chunk.js":"c044b791c354350ae5b4639b4a6666933ee25729c6b18908c2625e886b1d4d78","/static/js/runtime-main.085e336d.js.map":"ce54bf0a5484a7cfab249df2915cf0b70288015c5a701051769f36f6a62642e9","/manifest.json":"341d52628782f8ac9290bbfc43298afccb47b7cbfcee146ae30cf0f46bc30900","/static/js/runtime-main.085e336d.js":"cb8ec1a1866afc8b86232986a1b04cc5fbea58456a9a47b47ee7662ce65c11dc","/static/js/2.7d2f7792.chunk.js":"2bf95488404e98978f0ada117ea1ff2947cdd0d585c15a3c66d1818af70271a8","/static/css/main.500edd75.chunk.css":"ca4053133c2f22cff6836a5092defd07370d6d75d8662cf36c2a59ccc42bbe43","/static/js/2.7d2f7792.chunk.js.map":"9dac81b190e808feefa6b269c45496c10c493e3ab1257873afd9bfdb1576aecb","/static/css/main.500edd75.chunk.css.map":"f6fe3570b812dc920d40f8171f48e665b3236474b4b625ea72bc65960088d4a4"}}
[debug] [2020-12-28T23:10:52.358Z] <<< [apiv2][status] POST https://firebasehosting.googleapis.com/v1beta1/sites/visteme-front-end/versions/1d7a1730812603a1:populateFiles 200
[debug] [2020-12-28T23:10:52.358Z] <<< [apiv2][body] POST https://firebasehosting.googleapis.com/v1beta1/sites/visteme-front-end/versions/1d7a1730812603a1:populateFiles {"uploadRequiredHashes":["caff018b7f1e8fd481eb1c50d75b0ef236bcd5078b1d15c8bb348453fee30293","ca4053133c2f22cff6836a5092defd07370d6d75d8662cf36c2a59ccc42bbe43","ce54bf0a5484a7cfab249df2915cf0b70288015c5a701051769f36f6a62642e9","391d14b3c2f8c9143a27a28c7399585142228d4d1bdbe2c87ac946de411fa9a2","669e5a5c401870ede5b904796023a7bbfe0fe93db273666acbd16af4708cb340","341d52628782f8ac9290bbfc43298afccb47b7cbfcee146ae30cf0f46bc30900","b72f7455f00e4e58792d2bca892abb068e2213838c0316d6b7a0d6d16acd1955","5f2a93870ddace802ce9fee6ec43025a64990cccf77095a4148620d97cd2869c","c044b791c354350ae5b4639b4a6666933ee25729c6b18908c2625e886b1d4d78","05cbc6f94d7a69ce2e29646eab13be2c884e61ba93e3094df5028866876d18b3","9dac81b190e808feefa6b269c45496c10c493e3ab1257873afd9bfdb1576aecb","10c6f21b02a3e5df21b9e300b25eded1e0353200e84518db8b2a9e7a3f6fcfe0","4b5c6db648ccdb5880a82dc89a5722f0bd380dcdd7945049270d44323b43dd71","191fc21360b4ccfb1cda11a1efb97f489ed22672ca83f4064316802bbfdd750e","f6fe3570b812dc920d40f8171f48e665b3236474b4b625ea72bc65960088d4a4","cb8ec1a1866afc8b86232986a1b04cc5fbea58456a9a47b47ee7662ce65c11dc","2bf95488404e98978f0ada117ea1ff2947cdd0d585c15a3c66d1818af70271a8"],"uploadUrl":"https://upload-firebasehosting.googleapis.com/upload/sites/visteme-front-end/versions/1d7a1730812603a1/files"}
[debug] [2020-12-28T23:10:52.361Z] >>> [apiv2][query] POST https://upload-firebasehosting.googleapis.com/upload/sites/visteme-front-end/versions/1d7a1730812603a1/files/caff018b7f1e8fd481eb1c50d75b0ef236bcd5078b1d15c8bb348453fee30293 [none]
[debug] [2020-12-28T23:10:52.361Z] >>> [apiv2][body] POST https://upload-firebasehosting.googleapis.com/upload/sites/visteme-front-end/versions/1d7a1730812603a1/files/caff018b7f1e8fd481eb1c50d75b0ef236bcd5078b1d15c8bb348453fee30293 [stream]
[debug] [2020-12-28T23:10:52.363Z] >>> [apiv2][query] POST https://upload-firebasehosting.googleapis.com/upload/sites/visteme-front-end/versions/1d7a1730812603a1/files/ca4053133c2f22cff6836a5092defd07370d6d75d8662cf36c2a59ccc42bbe43 [none]
[debug] [2020-12-28T23:10:52.363Z] >>> [apiv2][body] POST https://upload-firebasehosting.googleapis.com/upload/sites/visteme-front-end/versions/1d7a1730812603a1/files/ca4053133c2f22cff6836a5092defd07370d6d75d8662cf36c2a59ccc42bbe43 [stream]
[debug] [2020-12-28T23:10:52.363Z] >>> [apiv2][query] POST https://upload-firebasehosting.googleapis.com/upload/sites/visteme-front-end/versions/1d7a1730812603a1/files/ce54bf0a5484a7cfab249df2915cf0b70288015c5a701051769f36f6a62642e9 [none]
[debug] [2020-12-28T23:10:52.363Z] >>> [apiv2][body] POST https://upload-firebasehosting.googleapis.com/upload/sites/visteme-front-end/versions/1d7a1730812603a1/files/ce54bf0a5484a7cfab249df2915cf0b70288015c5a701051769f36f6a62642e9 [stream]
[debug] [2020-12-28T23:10:52.364Z] >>> [apiv2][query] POST https://upload-firebasehosting.googleapis.com/upload/sites/visteme-front-end/versions/1d7a1730812603a1/files/391d14b3c2f8c9143a27a28c7399585142228d4d1bdbe2c87ac946de411fa9a2 [none]
[debug] [2020-12-28T23:10:52.364Z] >>> [apiv2][body] POST https://upload-firebasehosting.googleapis.com/upload/sites/visteme-front-end/versions/1d7a1730812603a1/files/391d14b3c2f8c9143a27a28c7399585142228d4d1bdbe2c87ac946de411fa9a2 [stream]
[debug] [2020-12-28T23:10:52.365Z] >>> [apiv2][query] POST https://upload-firebasehosting.googleapis.com/upload/sites/visteme-front-end/versions/1d7a1730812603a1/files/669e5a5c401870ede5b904796023a7bbfe0fe93db273666acbd16af4708cb340 [none]
[debug] [2020-12-28T23:10:52.365Z] >>> [apiv2][body] POST https://upload-firebasehosting.googleapis.com/upload/sites/visteme-front-end/versions/1d7a1730812603a1/files/669e5a5c401870ede5b904796023a7bbfe0fe93db273666acbd16af4708cb340 [stream]
[debug] [2020-12-28T23:10:52.366Z] >>> [apiv2][query] POST https://upload-firebasehosting.googleapis.com/upload/sites/visteme-front-end/versions/1d7a1730812603a1/files/341d52628782f8ac9290bbfc43298afccb47b7cbfcee146ae30cf0f46bc30900 [none]
[debug] [2020-12-28T23:10:52.366Z] >>> [apiv2][body] POST https://upload-firebasehosting.googleapis.com/upload/sites/visteme-front-end/versions/1d7a1730812603a1/files/341d52628782f8ac9290bbfc43298afccb47b7cbfcee146ae30cf0f46bc30900 [stream]
[debug] [2020-12-28T23:10:52.367Z] >>> [apiv2][query] POST https://upload-firebasehosting.googleapis.com/upload/sites/visteme-front-end/versions/1d7a1730812603a1/files/b72f7455f00e4e58792d2bca892abb068e2213838c0316d6b7a0d6d16acd1955 [none]
[debug] [2020-12-28T23:10:52.367Z] >>> [apiv2][body] POST https://upload-firebasehosting.googleapis.com/upload/sites/visteme-front-end/versions/1d7a1730812603a1/files/b72f7455f00e4e58792d2bca892abb068e2213838c0316d6b7a0d6d16acd1955 [stream]
[debug] [2020-12-28T23:10:52.367Z] >>> [apiv2][query] POST https://upload-firebasehosting.googleapis.com/upload/sites/visteme-front-end/versions/1d7a1730812603a1/files/5f2a93870ddace802ce9fee6ec43025a64990cccf77095a4148620d97cd2869c [none]
[debug] [2020-12-28T23:10:52.367Z] >>> [apiv2][body] POST https://upload-firebasehosting.googleapis.com/upload/sites/visteme-front-end/versions/1d7a1730812603a1/files/5f2a93870ddace802ce9fee6ec43025a64990cccf77095a4148620d97cd2869c [stream]
[debug] [2020-12-28T23:10:52.368Z] >>> [apiv2][query] POST https://upload-firebasehosting.googleapis.com/upload/sites/visteme-front-end/versions/1d7a1730812603a1/files/c044b791c354350ae5b4639b4a6666933ee25729c6b18908c2625e886b1d4d78 [none]
[debug] [2020-12-28T23:10:52.368Z] >>> [apiv2][body] POST https://upload-firebasehosting.googleapis.com/upload/sites/visteme-front-end/versions/1d7a1730812603a1/files/c044b791c354350ae5b4639b4a6666933ee25729c6b18908c2625e886b1d4d78 [stream]
[debug] [2020-12-28T23:10:52.369Z] >>> [apiv2][query] POST https://upload-firebasehosting.googleapis.com/upload/sites/visteme-front-end/versions/1d7a1730812603a1/files/05cbc6f94d7a69ce2e29646eab13be2c884e61ba93e3094df5028866876d18b3 [none]
[debug] [2020-12-28T23:10:52.369Z] >>> [apiv2][body] POST https://upload-firebasehosting.googleapis.com/upload/sites/visteme-front-end/versions/1d7a1730812603a1/files/05cbc6f94d7a69ce2e29646eab13be2c884e61ba93e3094df5028866876d18b3 [stream]
[debug] [2020-12-28T23:10:52.370Z] >>> [apiv2][query] POST https://upload-firebasehosting.googleapis.com/upload/sites/visteme-front-end/versions/1d7a1730812603a1/files/9dac81b190e808feefa6b269c45496c10c493e3ab1257873afd9bfdb1576aecb [none]
[debug] [2020-12-28T23:10:52.370Z] >>> [apiv2][body] POST https://upload-firebasehosting.googleapis.com/upload/sites/visteme-front-end/versions/1d7a1730812603a1/files/9dac81b190e808feefa6b269c45496c10c493e3ab1257873afd9bfdb1576aecb [stream]
[debug] [2020-12-28T23:10:52.371Z] >>> [apiv2][query] POST https://upload-firebasehosting.googleapis.com/upload/sites/visteme-front-end/versions/1d7a1730812603a1/files/10c6f21b02a3e5df21b9e300b25eded1e0353200e84518db8b2a9e7a3f6fcfe0 [none]
[debug] [2020-12-28T23:10:52.371Z] >>> [apiv2][body] POST https://upload-firebasehosting.googleapis.com/upload/sites/visteme-front-end/versions/1d7a1730812603a1/files/10c6f21b02a3e5df21b9e300b25eded1e0353200e84518db8b2a9e7a3f6fcfe0 [stream]
[debug] [2020-12-28T23:10:52.374Z] >>> [apiv2][query] POST https://upload-firebasehosting.googleapis.com/upload/sites/visteme-front-end/versions/1d7a1730812603a1/files/4b5c6db648ccdb5880a82dc89a5722f0bd380dcdd7945049270d44323b43dd71 [none]
[debug] [2020-12-28T23:10:52.374Z] >>> [apiv2][body] POST https://upload-firebasehosting.googleapis.com/upload/sites/visteme-front-end/versions/1d7a1730812603a1/files/4b5c6db648ccdb5880a82dc89a5722f0bd380dcdd7945049270d44323b43dd71 [stream]
[debug] [2020-12-28T23:10:52.375Z] >>> [apiv2][query] POST https://upload-firebasehosting.googleapis.com/upload/sites/visteme-front-end/versions/1d7a1730812603a1/files/191fc21360b4ccfb1cda11a1efb97f489ed22672ca83f4064316802bbfdd750e [none]
[debug] [2020-12-28T23:10:52.375Z] >>> [apiv2][body] POST https://upload-firebasehosting.googleapis.com/upload/sites/visteme-front-end/versions/1d7a1730812603a1/files/191fc21360b4ccfb1cda11a1efb97f489ed22672ca83f4064316802bbfdd750e [stream]
[debug] [2020-12-28T23:10:52.376Z] >>> [apiv2][query] POST https://upload-firebasehosting.googleapis.com/upload/sites/visteme-front-end/versions/1d7a1730812603a1/files/f6fe3570b812dc920d40f8171f48e665b3236474b4b625ea72bc65960088d4a4 [none]
[debug] [2020-12-28T23:10:52.376Z] >>> [apiv2][body] POST https://upload-firebasehosting.googleapis.com/upload/sites/visteme-front-end/versions/1d7a1730812603a1/files/f6fe3570b812dc920d40f8171f48e665b3236474b4b625ea72bc65960088d4a4 [stream]
[debug] [2020-12-28T23:10:52.376Z] >>> [apiv2][query] POST https://upload-firebasehosting.googleapis.com/upload/sites/visteme-front-end/versions/1d7a1730812603a1/files/cb8ec1a1866afc8b86232986a1b04cc5fbea58456a9a47b47ee7662ce65c11dc [none]
[debug] [2020-12-28T23:10:52.376Z] >>> [apiv2][body] POST https://upload-firebasehosting.googleapis.com/upload/sites/visteme-front-end/versions/1d7a1730812603a1/files/cb8ec1a1866afc8b86232986a1b04cc5fbea58456a9a47b47ee7662ce65c11dc [stream]
[debug] [2020-12-28T23:10:52.377Z] >>> [apiv2][query] POST https://upload-firebasehosting.googleapis.com/upload/sites/visteme-front-end/versions/1d7a1730812603a1/files/2bf95488404e98978f0ada117ea1ff2947cdd0d585c15a3c66d1818af70271a8 [none]
[debug] [2020-12-28T23:10:52.377Z] >>> [apiv2][body] POST https://upload-firebasehosting.googleapis.com/upload/sites/visteme-front-end/versions/1d7a1730812603a1/files/2bf95488404e98978f0ada117ea1ff2947cdd0d585c15a3c66d1818af70271a8 [stream]
[debug] [2020-12-28T23:10:52.378Z] [hosting][populate queue][FINAL] {"max":2068,"min":2068,"avg":2068,"active":0,"complete":1,"success":1,"errored":0,"retried":0,"total":1,"elapsed":2085}
[debug] [2020-12-28T23:10:52.378Z] [hosting] uploads queued: 17
[debug] [2020-12-28T23:10:52.952Z] [uploadQueue] Retrying task 05cbc6f94d7a69ce2e29646eab13be2c884e61ba93e3094df5028866876d18b3
[debug] [2020-12-28T23:10:52.953Z] >>> [apiv2][query] POST https://upload-firebasehosting.googleapis.com/upload/sites/visteme-front-end/versions/1d7a1730812603a1/files/05cbc6f94d7a69ce2e29646eab13be2c884e61ba93e3094df5028866876d18b3 [none]
[debug] [2020-12-28T23:10:52.953Z] >>> [apiv2][body] POST https://upload-firebasehosting.googleapis.com/upload/sites/visteme-front-end/versions/1d7a1730812603a1/files/05cbc6f94d7a69ce2e29646eab13be2c884e61ba93e3094df5028866876d18b3 [stream]
[debug] [2020-12-28T23:10:54.237Z] <<< [apiv2][status] POST https://upload-firebasehosting.googleapis.com/upload/sites/visteme-front-end/versions/1d7a1730812603a1/files/341d52628782f8ac9290bbfc43298afccb47b7cbfcee146ae30cf0f46bc30900 200
[debug] [2020-12-28T23:10:54.237Z] <<< [apiv2][body] POST https://upload-firebasehosting.googleapis.com/upload/sites/visteme-front-end/versions/1d7a1730812603a1/files/341d52628782f8ac9290bbfc43298afccb47b7cbfcee146ae30cf0f46bc30900 [stream]
[debug] [2020-12-28T23:10:54.252Z] <<< [apiv2][status] POST https://upload-firebasehosting.googleapis.com/upload/sites/visteme-front-end/versions/1d7a1730812603a1/files/669e5a5c401870ede5b904796023a7bbfe0fe93db273666acbd16af4708cb340 200
[debug] [2020-12-28T23:10:54.252Z] <<< [apiv2][body] POST https://upload-firebasehosting.googleapis.com/upload/sites/visteme-front-end/versions/1d7a1730812603a1/files/669e5a5c401870ede5b904796023a7bbfe0fe93db273666acbd16af4708cb340 [stream]
[debug] [2020-12-28T23:10:54.255Z] <<< [apiv2][status] POST https://upload-firebasehosting.googleapis.com/upload/sites/visteme-front-end/versions/1d7a1730812603a1/files/b72f7455f00e4e58792d2bca892abb068e2213838c0316d6b7a0d6d16acd1955 200
[debug] [2020-12-28T23:10:54.255Z] <<< [apiv2][body] POST https://upload-firebasehosting.googleapis.com/upload/sites/visteme-front-end/versions/1d7a1730812603a1/files/b72f7455f00e4e58792d2bca892abb068e2213838c0316d6b7a0d6d16acd1955 [stream]
[debug] [2020-12-28T23:10:54.263Z] <<< [apiv2][status] POST https://upload-firebasehosting.googleapis.com/upload/sites/visteme-front-end/versions/1d7a1730812603a1/files/4b5c6db648ccdb5880a82dc89a5722f0bd380dcdd7945049270d44323b43dd71 200
[debug] [2020-12-28T23:10:54.264Z] <<< [apiv2][body] POST https://upload-firebasehosting.googleapis.com/upload/sites/visteme-front-end/versions/1d7a1730812603a1/files/4b5c6db648ccdb5880a82dc89a5722f0bd380dcdd7945049270d44323b43dd71 [stream]
[debug] [2020-12-28T23:10:54.278Z] <<< [apiv2][status] POST https://upload-firebasehosting.googleapis.com/upload/sites/visteme-front-end/versions/1d7a1730812603a1/files/c044b791c354350ae5b4639b4a6666933ee25729c6b18908c2625e886b1d4d78 200
[debug] [2020-12-28T23:10:54.278Z] <<< [apiv2][body] POST https://upload-firebasehosting.googleapis.com/upload/sites/visteme-front-end/versions/1d7a1730812603a1/files/c044b791c354350ae5b4639b4a6666933ee25729c6b18908c2625e886b1d4d78 [stream]
[debug] [2020-12-28T23:10:54.291Z] <<< [apiv2][status] POST https://upload-firebasehosting.googleapis.com/upload/sites/visteme-front-end/versions/1d7a1730812603a1/files/5f2a93870ddace802ce9fee6ec43025a64990cccf77095a4148620d97cd2869c 200
[debug] [2020-12-28T23:10:54.291Z] <<< [apiv2][body] POST https://upload-firebasehosting.googleapis.com/upload/sites/visteme-front-end/versions/1d7a1730812603a1/files/5f2a93870ddace802ce9fee6ec43025a64990cccf77095a4148620d97cd2869c [stream]
[debug] [2020-12-28T23:10:54.313Z] <<< [apiv2][status] POST https://upload-firebasehosting.googleapis.com/upload/sites/visteme-front-end/versions/1d7a1730812603a1/files/ce54bf0a5484a7cfab249df2915cf0b70288015c5a701051769f36f6a62642e9 200
[debug] [2020-12-28T23:10:54.313Z] <<< [apiv2][body] POST https://upload-firebasehosting.googleapis.com/upload/sites/visteme-front-end/versions/1d7a1730812603a1/files/ce54bf0a5484a7cfab249df2915cf0b70288015c5a701051769f36f6a62642e9 [stream]
[debug] [2020-12-28T23:10:54.320Z] <<< [apiv2][status] POST https://upload-firebasehosting.googleapis.com/upload/sites/visteme-front-end/versions/1d7a1730812603a1/files/10c6f21b02a3e5df21b9e300b25eded1e0353200e84518db8b2a9e7a3f6fcfe0 200
[debug] [2020-12-28T23:10:54.320Z] <<< [apiv2][body] POST https://upload-firebasehosting.googleapis.com/upload/sites/visteme-front-end/versions/1d7a1730812603a1/files/10c6f21b02a3e5df21b9e300b25eded1e0353200e84518db8b2a9e7a3f6fcfe0 [stream]
[debug] [2020-12-28T23:10:54.385Z] <<< [apiv2][status] POST https://upload-firebasehosting.googleapis.com/upload/sites/visteme-front-end/versions/1d7a1730812603a1/files/caff018b7f1e8fd481eb1c50d75b0ef236bcd5078b1d15c8bb348453fee30293 200
[debug] [2020-12-28T23:10:54.386Z] <<< [apiv2][body] POST https://upload-firebasehosting.googleapis.com/upload/sites/visteme-front-end/versions/1d7a1730812603a1/files/caff018b7f1e8fd481eb1c50d75b0ef236bcd5078b1d15c8bb348453fee30293 [stream]
[debug] [2020-12-28T23:10:54.444Z] <<< [apiv2][status] POST https://upload-firebasehosting.googleapis.com/upload/sites/visteme-front-end/versions/1d7a1730812603a1/files/cb8ec1a1866afc8b86232986a1b04cc5fbea58456a9a47b47ee7662ce65c11dc 200
[debug] [2020-12-28T23:10:54.444Z] <<< [apiv2][body] POST https://upload-firebasehosting.googleapis.com/upload/sites/visteme-front-end/versions/1d7a1730812603a1/files/cb8ec1a1866afc8b86232986a1b04cc5fbea58456a9a47b47ee7662ce65c11dc [stream]
[debug] [2020-12-28T23:10:54.505Z] <<< [apiv2][status] POST https://upload-firebasehosting.googleapis.com/upload/sites/visteme-front-end/versions/1d7a1730812603a1/files/191fc21360b4ccfb1cda11a1efb97f489ed22672ca83f4064316802bbfdd750e 200
[debug] [2020-12-28T23:10:54.505Z] <<< [apiv2][body] POST https://upload-firebasehosting.googleapis.com/upload/sites/visteme-front-end/versions/1d7a1730812603a1/files/191fc21360b4ccfb1cda11a1efb97f489ed22672ca83f4064316802bbfdd750e [stream]
[debug] [2020-12-28T23:10:55.365Z] <<< [apiv2][status] POST https://upload-firebasehosting.googleapis.com/upload/sites/visteme-front-end/versions/1d7a1730812603a1/files/391d14b3c2f8c9143a27a28c7399585142228d4d1bdbe2c87ac946de411fa9a2 200
[debug] [2020-12-28T23:10:55.366Z] <<< [apiv2][body] POST https://upload-firebasehosting.googleapis.com/upload/sites/visteme-front-end/versions/1d7a1730812603a1/files/391d14b3c2f8c9143a27a28c7399585142228d4d1bdbe2c87ac946de411fa9a2 [stream]
[debug] [2020-12-28T23:10:57.273Z] <<< [apiv2][status] POST https://upload-firebasehosting.googleapis.com/upload/sites/visteme-front-end/versions/1d7a1730812603a1/files/2bf95488404e98978f0ada117ea1ff2947cdd0d585c15a3c66d1818af70271a8 200
[debug] [2020-12-28T23:10:57.273Z] <<< [apiv2][body] POST https://upload-firebasehosting.googleapis.com/upload/sites/visteme-front-end/versions/1d7a1730812603a1/files/2bf95488404e98978f0ada117ea1ff2947cdd0d585c15a3c66d1818af70271a8 [stream]
[debug] [2020-12-28T23:10:57.374Z] <<< [apiv2][status] POST https://upload-firebasehosting.googleapis.com/upload/sites/visteme-front-end/versions/1d7a1730812603a1/files/05cbc6f94d7a69ce2e29646eab13be2c884e61ba93e3094df5028866876d18b3 200
[debug] [2020-12-28T23:10:57.374Z] <<< [apiv2][body] POST https://upload-firebasehosting.googleapis.com/upload/sites/visteme-front-end/versions/1d7a1730812603a1/files/05cbc6f94d7a69ce2e29646eab13be2c884e61ba93e3094df5028866876d18b3 [stream]
